[debug] [2023-02-02T19:40:26.673Z] ----------------------------------------------------------------------
[debug] [2023-02-02T19:40:26.676Z] Command:       C:\Program Files\nodejs\node.exe C:\Users\dimpl\AppData\Roaming\npm\node_modules\firebase-tools\lib\bin\firebase.js init
[debug] [2023-02-02T19:40:26.676Z] CLI Version:   11.22.0
[debug] [2023-02-02T19:40:26.676Z] Platform:      win32
[debug] [2023-02-02T19:40:26.677Z] Node Version:  v16.14.2
[debug] [2023-02-02T19:40:26.678Z] Time:          Thu Feb 02 2023 20:40:26 GMT+0100 (Central European Standard Time)
[debug] [2023-02-02T19:40:26.678Z] ----------------------------------------------------------------------
[debug] 
[debug] [2023-02-02T19:40:26.688Z] > command requires scopes: ["email","openid","https://www.googleapis.com/auth/cloudplatformprojects.readonly","https://www.googleapis.com/auth/firebase","https://www.googleapis.com/auth/cloud-platform"]
[debug] [2023-02-02T19:40:26.688Z] > authorizing via signed-in user (psinha6@gmail.com)
[info] 
     ######## #### ########  ######## ########     ###     ######  ########
     ##        ##  ##     ## ##       ##     ##  ##   ##  ##       ##
     ######    ##  ########  ######   ########  #########  ######  ######
     ##        ##  ##    ##  ##       ##     ## ##     ##       ## ##
     ##       #### ##     ## ######## ########  ##     ##  ######  ########

You're about to initialize a Firebase project in this directory:

  D:\projects\angular-shopping-app

[info] 
=== Project Setup
[info] 
[info] First, let's associate this project directory with a Firebase project.
[info] You can create multiple project aliases by running firebase use --add, 
[info] but for now we'll just set up a default project.
[info] 
[debug] [2023-02-02T19:40:51.498Z] >>> [apiv2][query] GET https://firebase.googleapis.com/v1beta1/projects pageSize=100
[debug] [2023-02-02T19:40:52.094Z] <<< [apiv2][status] GET https://firebase.googleapis.com/v1beta1/projects 200
[debug] [2023-02-02T19:40:52.095Z] <<< [apiv2][body] GET https://firebase.googleapis.com/v1beta1/projects [omitted]
